# JRE version: Java(TM) SE Runtime Environment (17.0.6+9) (build 17.0.6+9-LTS-190)
# Java VM: Java HotSpot(TM) 64-Bit Server VM (17.0.6+9-LTS-190, mixed mode, emulated-client, sharing, tiered, compressed oops, compressed class ptrs, g1 gc, windows-amd64)
GC Precious Log:
 CPUs: 8 total, 8 available
 Memory: 10187M
 Large Page Support: Disabled
 NUMA Support: Disabled
 Compressed Oops: Enabled (Zero based)
 Heap Region Size: 2M
 Heap Min Capacity: 8M
 Heap Initial Capacity: 160M
 Heap Max Capacity: 2548M
 Pre-touch: Disabled
 Parallel Workers: 8
 Concurrent Workers: 2
 Concurrent Refinement Workers: 8
 Periodic GC: Disabled
Heap:
 garbage-first heap   total 83968K, used 38011K [0x0000000760c00000, 0x0000000800000000)
  region size 2048K, 2 young (4096K), 2 survivors (4096K)
 Metaspace       used 62534K, committed 63040K, reserved 1105920K
  class space    used 8873K, committed 9152K, reserved 1048576K
GC Heap History (20 events):
Event: 21.024 GC heap after
{Heap after GC invocations=22 (full 0):
 garbage-first heap   total 61440K, used 31668K [0x0000000760c00000, 0x0000000800000000)
  region size 2048K, 2 young (4096K), 2 survivors (4096K)
 Metaspace       used 59633K, committed 60160K, reserved 1105920K
  class space    used 8434K, committed 8704K, reserved 1048576K
}
Event: 21.365 GC heap before
{Heap before GC invocations=23 (full 0):
 garbage-first heap   total 69632K, used 43956K [0x0000000760c00000, 0x0000000800000000)
  region size 2048K, 9 young (18432K), 2 survivors (4096K)
 Metaspace       used 60434K, committed 60928K, reserved 1105920K
  class space    used 8579K, committed 8832K, reserved 1048576K
}
Event: 21.369 GC heap after
{Heap after GC invocations=24 (full 0):
 garbage-first heap   total 69632K, used 31447K [0x0000000760c00000, 0x0000000800000000)
  region size 2048K, 1 young (2048K), 1 survivors (2048K)
 Metaspace       used 60434K, committed 60928K, reserved 1105920K
  class space    used 8579K, committed 8832K, reserved 1048576K
}
Event: 21.617 GC heap before
{Heap before GC invocations=24 (full 0):
 garbage-first heap   total 69632K, used 53975K [0x0000000760c00000, 0x0000000800000000)
  region size 2048K, 12 young (24576K), 1 survivors (2048K)
 Metaspace       used 60579K, committed 61056K, reserved 1105920K
  class space    used 8595K, committed 8832K, reserved 1048576K
}
Event: 21.620 GC heap after
{Heap after GC invocations=25 (full 0):
 garbage-first heap   total 69632K, used 32040K [0x0000000760c00000, 0x0000000800000000)
  region size 2048K, 2 young (4096K), 2 survivors (4096K)
 Metaspace       used 60579K, committed 61056K, reserved 1105920K
  class space    used 8595K, committed 8832K, reserved 1048576K
}
Event: 21.917 GC heap before
{Heap before GC invocations=25 (full 0):
 garbage-first heap   total 69632K, used 54568K [0x0000000760c00000, 0x0000000800000000)
  region size 2048K, 13 young (26624K), 2 survivors (4096K)
 Metaspace       used 60881K, committed 61376K, reserved 1105920K
  class space    used 8639K, committed 8896K, reserved 1048576K
}
Event: 21.921 GC heap after
{Heap after GC invocations=26 (full 0):
 garbage-first heap   total 69632K, used 32947K [0x0000000760c00000, 0x0000000800000000)
  region size 2048K, 2 young (4096K), 2 survivors (4096K)
 Metaspace       used 60881K, committed 61376K, reserved 1105920K
  class space    used 8639K, committed 8896K, reserved 1048576K
}
Event: 22.180 GC heap before
{Heap before GC invocations=26 (full 0):
 garbage-first heap   total 69632K, used 55475K [0x0000000760c00000, 0x0000000800000000)
  region size 2048K, 13 young (26624K), 2 survivors (4096K)
 Metaspace       used 61196K, committed 61696K, reserved 1105920K
  class space    used 8677K, committed 8960K, reserved 1048576K
}
Event: 22.185 GC heap after
{Heap after GC invocations=27 (full 0):
 garbage-first heap   total 69632K, used 33485K [0x0000000760c00000, 0x0000000800000000)
  region size 2048K, 2 young (4096K), 2 survivors (4096K)
 Metaspace       used 61196K, committed 61696K, reserved 1105920K
  class space    used 8677K, committed 8960K, reserved 1048576K
}
Event: 22.364 GC heap before
{Heap before GC invocations=27 (full 0):
 garbage-first heap   total 69632K, used 53965K [0x0000000760c00000, 0x0000000800000000)
  region size 2048K, 12 young (24576K), 2 survivors (4096K)
 Metaspace       used 61319K, committed 61824K, reserved 1105920K
  class space    used 8685K, committed 8960K, reserved 1048576K
}
Event: 22.368 GC heap after
{Heap after GC invocations=28 (full 0):
 garbage-first heap   total 83968K, used 33966K [0x0000000760c00000, 0x0000000800000000)
  region size 2048K, 2 young (4096K), 2 survivors (4096K)
 Metaspace       used 61319K, committed 61824K, reserved 1105920K
  class space    used 8685K, committed 8960K, reserved 1048576K
}
Event: 22.736 GC heap before
{Heap before GC invocations=29 (full 0):
 garbage-first heap   total 83968K, used 64686K [0x0000000760c00000, 0x0000000800000000)
  region size 2048K, 17 young (34816K), 2 survivors (4096K)
 Metaspace       used 61746K, committed 62272K, reserved 1105920K
  class space    used 8822K, committed 9088K, reserved 1048576K
}
Event: 22.741 GC heap after
{Heap after GC invocations=30 (full 0):
 garbage-first heap   total 83968K, used 34800K [0x0000000760c00000, 0x0000000800000000)
  region size 2048K, 2 young (4096K), 2 survivors (4096K)
 Metaspace       used 61746K, committed 62272K, reserved 1105920K
  class space    used 8822K, committed 9088K, reserved 1048576K
}
Event: 23.043 GC heap before
{Heap before GC invocations=30 (full 0):
 garbage-first heap   total 83968K, used 67568K [0x0000000760c00000, 0x0000000800000000)
  region size 2048K, 18 young (36864K), 2 survivors (4096K)
 Metaspace       used 61943K, committed 62464K, reserved 1105920K
  class space    used 8834K, committed 9088K, reserved 1048576K
}
Event: 23.048 GC heap after
{Heap after GC invocations=31 (full 0):
 garbage-first heap   total 83968K, used 35480K [0x0000000760c00000, 0x0000000800000000)
  region size 2048K, 2 young (4096K), 2 survivors (4096K)
 Metaspace       used 61943K, committed 62464K, reserved 1105920K
  class space    used 8834K, committed 9088K, reserved 1048576K
}
Event: 23.358 GC heap before
{Heap before GC invocations=31 (full 0):
 garbage-first heap   total 83968K, used 68248K [0x0000000760c00000, 0x0000000800000000)
  region size 2048K, 18 young (36864K), 2 survivors (4096K)
 Metaspace       used 62114K, committed 62592K, reserved 1105920K
  class space    used 8845K, committed 9088K, reserved 1048576K
}
Event: 23.363 GC heap after
{Heap after GC invocations=32 (full 0):
 garbage-first heap   total 83968K, used 36389K [0x0000000760c00000, 0x0000000800000000)
  region size 2048K, 2 young (4096K), 2 survivors (4096K)
 Metaspace       used 62114K, committed 62592K, reserved 1105920K
  class space    used 8845K, committed 9088K, reserved 1048576K
}
Event: 23.667 GC heap before
{Heap before GC invocations=32 (full 0):
 garbage-first heap   total 83968K, used 67109K [0x0000000760c00000, 0x0000000800000000)
  region size 2048K, 17 young (34816K), 2 survivors (4096K)
 Metaspace       used 62335K, committed 62848K, reserved 1105920K
  class space    used 8860K, committed 9152K, reserved 1048576K
}
Event: 23.672 GC heap after
{Heap after GC invocations=33 (full 0):
 garbage-first heap   total 83968K, used 37327K [0x0000000760c00000, 0x0000000800000000)
  region size 2048K, 2 young (4096K), 2 survivors (4096K)
 Metaspace       used 62335K, committed 62848K, reserved 1105920K
  class space    used 8860K, committed 9152K, reserved 1048576K
}
Event: 23.975 GC heap before
{Heap before GC invocations=33 (full 0):
 garbage-first heap   total 83968K, used 68047K [0x0000000760c00000, 0x0000000800000000)
  region size 2048K, 17 young (34816K), 2 survivors (4096K)
 Metaspace       used 62534K, committed 63040K, reserved 1105920K
  class space    used 8873K, committed 9152K, reserved 1048576K
}

